%!Adobe-FontList 1.24
%Locale:0x409

%BeginFont
Handler:DirectoryHandler
FontType:Invalid
OutlineFileName:/Users/lucyli/Documents/Lucy/Work/08_wifinowifi/03_disassembly_guide/Disassembly guide_w_Images_MM Folder/Disassembly guide_w_Images_MM Folder/Document fonts/AdobeFnt24.lst
FileLength:708
FileModTime:740616308
%EndFont

%BeginFont
Handler:DirectoryHandler
FontType:Type1
FontName:MinionPro-Regular
FamilyName:Minion Pro
StyleName:Regular
MenuName:Minion Pro
StyleBits:0
WeightClass:400
WidthClass:5
AngleClass:0
FullName:Minion Pro
WritingScript:Roman
OutlineFileName:/Users/lucyli/Documents/Lucy/Work/08_wifinowifi/03_disassembly_guide/Disassembly guide_w_Images_MM Folder/Disassembly guide_w_Images_MM Folder/Document fonts/MinionPro-Regular.otf
DataFormat:sfntData
UsesStandardEncoding:yes
isCFF:yes
hasSVG:no
hasSBIX:no
hasCOLR:no
VariableFontType:NonVariableFont
FileLength:218640
FileModTime:736092835
DesignSize:110
NameArray:0,Mac,4,Minion Pro
NameArray:0,Win,1,Minion Pro
%EndFont

